2020-04-07 11:31:17.372  INFO 2284 --- [restartedMain] l.lemon.community.CommunityApplication   : Starting CommunityApplication on DESKTOP-K91THDS with PID 2284 (started by éƒ­ä»˜ä¸€ç”· in D:\IDEA project\commuity\community)
2020-04-07 11:31:17.410  INFO 2284 --- [restartedMain] l.lemon.community.CommunityApplication   : No active profile set, falling back to default profiles: default
2020-04-07 11:31:17.861  INFO 2284 --- [restartedMain] .e.DevToolsPropertyDefaultsPostProcessor : Devtools property defaults active! Set 'spring.devtools.add-properties' to 'false' to disable
2020-04-07 11:31:17.862  INFO 2284 --- [restartedMain] .e.DevToolsPropertyDefaultsPostProcessor : For additional web related logging consider setting the 'logging.level.web' property to 'DEBUG'
2020-04-07 11:31:27.866  INFO 2284 --- [restartedMain] o.s.b.w.embedded.tomcat.TomcatWebServer  : Tomcat initialized with port(s): 8080 (http)
2020-04-07 11:31:27.949  INFO 2284 --- [restartedMain] o.apache.catalina.core.StandardService   : Starting service [Tomcat]
2020-04-07 11:31:27.962  INFO 2284 --- [restartedMain] org.apache.catalina.core.StandardEngine  : Starting Servlet engine: [Apache Tomcat/9.0.30]
2020-04-07 11:31:28.717  INFO 2284 --- [restartedMain] o.a.c.c.C.[Tomcat].[localhost].[/]       : Initializing Spring embedded WebApplicationContext
2020-04-07 11:31:28.717  INFO 2284 --- [restartedMain] o.s.web.context.ContextLoader            : Root WebApplicationContext: initialization completed in 10853 ms
2020-04-07 11:31:32.983  INFO 2284 --- [restartedMain] o.s.s.concurrent.ThreadPoolTaskExecutor  : Initializing ExecutorService 'applicationTaskExecutor'
2020-04-07 11:31:33.183  INFO 2284 --- [restartedMain] o.s.b.a.w.s.WelcomePageHandlerMapping    : Adding welcome page template: index
2020-04-07 11:31:34.020  INFO 2284 --- [restartedMain] o.s.s.c.ThreadPoolTaskScheduler          : Initializing ExecutorService 'taskScheduler'
2020-04-07 11:31:34.819  INFO 2284 --- [restartedMain] o.s.b.d.a.OptionalLiveReloadServer       : LiveReload server is running on port 35729
2020-04-07 11:31:34.922  INFO 2284 --- [scheduling-1] l.lemon.community.schedule.HotTagTasks   : hotTagSchedule start Tue Apr 07 11:31:34 CST 2020
2020-04-07 11:31:35.192  INFO 2284 --- [restartedMain] o.s.b.w.embedded.tomcat.TomcatWebServer  : Tomcat started on port(s): 8080 (http) with context path ''
2020-04-07 11:31:35.207  INFO 2284 --- [restartedMain] l.lemon.community.CommunityApplication   : Started CommunityApplication in 24.292 seconds (JVM running for 26.949)
2020-04-07 11:31:35.239  INFO 2284 --- [scheduling-1] com.zaxxer.hikari.HikariDataSource       : HikariPool-1 - Starting...
2020-04-07 11:31:36.362  INFO 2284 --- [scheduling-1] com.zaxxer.hikari.HikariDataSource       : HikariPool-1 - Start completed.
2020-04-07 11:31:36.643  INFO 2284 --- [scheduling-1] l.lemon.community.schedule.HotTagTasks   : hotTagSchedule stop Tue Apr 07 11:31:36 CST 2020
2020-04-07 11:31:52.170  INFO 2284 --- [http-nio-8080-exec-1] o.a.c.c.C.[Tomcat].[localhost].[/]       : Initializing Spring DispatcherServlet 'dispatcherServlet'
2020-04-07 11:31:52.172  INFO 2284 --- [http-nio-8080-exec-1] o.s.web.servlet.DispatcherServlet        : Initializing Servlet 'dispatcherServlet'
2020-04-07 11:31:52.196  INFO 2284 --- [http-nio-8080-exec-1] o.s.web.servlet.DispatcherServlet        : Completed initialization in 23 ms
2020-04-07 11:35:10.222  INFO 2552 --- [restartedMain] l.lemon.community.CommunityApplication   : Starting CommunityApplication on DESKTOP-K91THDS with PID 2552 (started by éƒ­ä»˜ä¸€ç”· in D:\IDEA project\commuity\community)
2020-04-07 11:35:10.244  INFO 2552 --- [restartedMain] l.lemon.community.CommunityApplication   : No active profile set, falling back to default profiles: default
2020-04-07 11:35:10.323  INFO 2552 --- [restartedMain] .e.DevToolsPropertyDefaultsPostProcessor : Devtools property defaults active! Set 'spring.devtools.add-properties' to 'false' to disable
2020-04-07 11:35:10.323  INFO 2552 --- [restartedMain] .e.DevToolsPropertyDefaultsPostProcessor : For additional web related logging consider setting the 'logging.level.web' property to 'DEBUG'
2020-04-07 11:35:12.826  INFO 2552 --- [restartedMain] o.s.b.w.embedded.tomcat.TomcatWebServer  : Tomcat initialized with port(s): 8080 (http)
2020-04-07 11:35:12.855  INFO 2552 --- [restartedMain] o.apache.catalina.core.StandardService   : Starting service [Tomcat]
2020-04-07 11:35:12.856  INFO 2552 --- [restartedMain] org.apache.catalina.core.StandardEngine  : Starting Servlet engine: [Apache Tomcat/9.0.30]
2020-04-07 11:35:13.021  INFO 2552 --- [restartedMain] o.a.c.c.C.[Tomcat].[localhost].[/]       : Initializing Spring embedded WebApplicationContext
2020-04-07 11:35:13.021  INFO 2552 --- [restartedMain] o.s.web.context.ContextLoader            : Root WebApplicationContext: initialization completed in 2691 ms
2020-04-07 11:35:14.553  INFO 2552 --- [restartedMain] o.s.s.concurrent.ThreadPoolTaskExecutor  : Initializing ExecutorService 'applicationTaskExecutor'
2020-04-07 11:35:14.613  INFO 2552 --- [restartedMain] o.s.b.a.w.s.WelcomePageHandlerMapping    : Adding welcome page template: index
2020-04-07 11:35:14.779  INFO 2552 --- [restartedMain] o.s.s.c.ThreadPoolTaskScheduler          : Initializing ExecutorService 'taskScheduler'
2020-04-07 11:35:14.851  INFO 2552 --- [restartedMain] o.s.b.d.a.OptionalLiveReloadServer       : LiveReload server is running on port 35729
2020-04-07 11:35:14.875  INFO 2552 --- [scheduling-1] l.lemon.community.schedule.HotTagTasks   : hotTagSchedule start Tue Apr 07 11:35:14 CST 2020
2020-04-07 11:35:14.918  INFO 2552 --- [restartedMain] o.s.b.w.embedded.tomcat.TomcatWebServer  : Tomcat started on port(s): 8080 (http) with context path ''
2020-04-07 11:35:14.924  INFO 2552 --- [restartedMain] l.lemon.community.CommunityApplication   : Started CommunityApplication in 5.436 seconds (JVM running for 7.317)
2020-04-07 11:35:14.934  INFO 2552 --- [scheduling-1] com.zaxxer.hikari.HikariDataSource       : HikariPool-1 - Starting...
2020-04-07 11:35:15.608  INFO 2552 --- [scheduling-1] com.zaxxer.hikari.HikariDataSource       : HikariPool-1 - Start completed.
2020-04-07 11:35:15.721  INFO 2552 --- [scheduling-1] l.lemon.community.schedule.HotTagTasks   : hotTagSchedule stop Tue Apr 07 11:35:15 CST 2020
2020-04-07 11:35:21.483  INFO 2552 --- [http-nio-8080-exec-1] o.a.c.c.C.[Tomcat].[localhost].[/]       : Initializing Spring DispatcherServlet 'dispatcherServlet'
2020-04-07 11:35:21.483  INFO 2552 --- [http-nio-8080-exec-1] o.s.web.servlet.DispatcherServlet        : Initializing Servlet 'dispatcherServlet'
2020-04-07 11:35:21.494  INFO 2552 --- [http-nio-8080-exec-1] o.s.web.servlet.DispatcherServlet        : Completed initialization in 11 ms
2020-04-07 11:36:34.366  INFO 9164 --- [restartedMain] l.lemon.community.CommunityApplication   : Starting CommunityApplication on DESKTOP-K91THDS with PID 9164 (started by éƒ­ä»˜ä¸€ç”· in D:\IDEA project\commuity\community)
2020-04-07 11:36:34.366  INFO 9164 --- [restartedMain] l.lemon.community.CommunityApplication   : No active profile set, falling back to default profiles: default
2020-04-07 11:36:34.477  INFO 9164 --- [restartedMain] .e.DevToolsPropertyDefaultsPostProcessor : Devtools property defaults active! Set 'spring.devtools.add-properties' to 'false' to disable
2020-04-07 11:36:34.477  INFO 9164 --- [restartedMain] .e.DevToolsPropertyDefaultsPostProcessor : For additional web related logging consider setting the 'logging.level.web' property to 'DEBUG'
2020-04-07 11:36:36.266  INFO 9164 --- [restartedMain] o.s.b.w.embedded.tomcat.TomcatWebServer  : Tomcat initialized with port(s): 8080 (http)
2020-04-07 11:36:36.270  INFO 9164 --- [restartedMain] o.apache.catalina.core.StandardService   : Starting service [Tomcat]
2020-04-07 11:36:36.270  INFO 9164 --- [restartedMain] org.apache.catalina.core.StandardEngine  : Starting Servlet engine: [Apache Tomcat/9.0.30]
2020-04-07 11:36:36.367  INFO 9164 --- [restartedMain] o.a.c.c.C.[Tomcat].[localhost].[/]       : Initializing Spring embedded WebApplicationContext
2020-04-07 11:36:36.367  INFO 9164 --- [restartedMain] o.s.web.context.ContextLoader            : Root WebApplicationContext: initialization completed in 1890 ms
2020-04-07 11:36:36.983  INFO 9164 --- [restartedMain] o.s.s.concurrent.ThreadPoolTaskExecutor  : Initializing ExecutorService 'applicationTaskExecutor'
2020-04-07 11:36:37.034  INFO 9164 --- [restartedMain] o.s.b.a.w.s.WelcomePageHandlerMapping    : Adding welcome page template: index
2020-04-07 11:36:37.160  INFO 9164 --- [restartedMain] o.s.s.c.ThreadPoolTaskScheduler          : Initializing ExecutorService 'taskScheduler'
2020-04-07 11:36:37.228  INFO 9164 --- [restartedMain] o.s.b.d.a.OptionalLiveReloadServer       : LiveReload server is running on port 35729
2020-04-07 11:36:37.248  INFO 9164 --- [scheduling-1] l.lemon.community.schedule.HotTagTasks   : hotTagSchedule start Tue Apr 07 11:36:37 CST 2020
2020-04-07 11:36:37.276  INFO 9164 --- [restartedMain] o.s.b.w.embedded.tomcat.TomcatWebServer  : Tomcat started on port(s): 8080 (http) with context path ''
2020-04-07 11:36:37.279  INFO 9164 --- [restartedMain] l.lemon.community.CommunityApplication   : Started CommunityApplication in 3.981 seconds (JVM running for 5.102)
2020-04-07 11:36:37.287  INFO 9164 --- [scheduling-1] com.zaxxer.hikari.HikariDataSource       : HikariPool-1 - Starting...
2020-04-07 11:36:37.767  INFO 9164 --- [scheduling-1] com.zaxxer.hikari.HikariDataSource       : HikariPool-1 - Start completed.
2020-04-07 11:36:37.902  INFO 9164 --- [scheduling-1] l.lemon.community.schedule.HotTagTasks   : hotTagSchedule stop Tue Apr 07 11:36:37 CST 2020
2020-04-07 11:36:43.286  INFO 9164 --- [http-nio-8080-exec-1] o.a.c.c.C.[Tomcat].[localhost].[/]       : Initializing Spring DispatcherServlet 'dispatcherServlet'
2020-04-07 11:36:43.286  INFO 9164 --- [http-nio-8080-exec-1] o.s.web.servlet.DispatcherServlet        : Initializing Servlet 'dispatcherServlet'
2020-04-07 11:36:43.293  INFO 9164 --- [http-nio-8080-exec-1] o.s.web.servlet.DispatcherServlet        : Completed initialization in 7 ms
2020-04-07 11:43:21.614  INFO 636 --- [restartedMain] l.lemon.community.CommunityApplication   : Starting CommunityApplication on DESKTOP-K91THDS with PID 636 (started by éƒ­ä»˜ä¸€ç”· in D:\IDEA project\commuity\community)
2020-04-07 11:43:21.618  INFO 636 --- [restartedMain] l.lemon.community.CommunityApplication   : No active profile set, falling back to default profiles: default
2020-04-07 11:43:21.704  INFO 636 --- [restartedMain] .e.DevToolsPropertyDefaultsPostProcessor : Devtools property defaults active! Set 'spring.devtools.add-properties' to 'false' to disable
2020-04-07 11:43:21.704  INFO 636 --- [restartedMain] .e.DevToolsPropertyDefaultsPostProcessor : For additional web related logging consider setting the 'logging.level.web' property to 'DEBUG'
2020-04-07 11:43:24.203  INFO 636 --- [restartedMain] o.s.b.w.embedded.tomcat.TomcatWebServer  : Tomcat initialized with port(s): 8080 (http)
2020-04-07 11:43:24.243  INFO 636 --- [restartedMain] o.apache.catalina.core.StandardService   : Starting service [Tomcat]
2020-04-07 11:43:24.244  INFO 636 --- [restartedMain] org.apache.catalina.core.StandardEngine  : Starting Servlet engine: [Apache Tomcat/9.0.30]
2020-04-07 11:43:24.862  INFO 636 --- [restartedMain] o.a.c.c.C.[Tomcat].[localhost].[/]       : Initializing Spring embedded WebApplicationContext
2020-04-07 11:43:24.862  INFO 636 --- [restartedMain] o.s.web.context.ContextLoader            : Root WebApplicationContext: initialization completed in 3157 ms
2020-04-07 11:43:26.420  INFO 636 --- [restartedMain] o.s.s.concurrent.ThreadPoolTaskExecutor  : Initializing ExecutorService 'applicationTaskExecutor'
2020-04-07 11:43:26.485  INFO 636 --- [restartedMain] o.s.b.a.w.s.WelcomePageHandlerMapping    : Adding welcome page template: index
2020-04-07 11:43:26.657  INFO 636 --- [restartedMain] o.s.s.c.ThreadPoolTaskScheduler          : Initializing ExecutorService 'taskScheduler'
2020-04-07 11:43:26.723  INFO 636 --- [restartedMain] o.s.b.d.a.OptionalLiveReloadServer       : LiveReload server is running on port 35729
2020-04-07 11:43:26.750  INFO 636 --- [scheduling-1] l.lemon.community.schedule.HotTagTasks   : hotTagSchedule start Tue Apr 07 11:43:26 CST 2020
2020-04-07 11:43:26.786  INFO 636 --- [restartedMain] o.s.b.w.embedded.tomcat.TomcatWebServer  : Tomcat started on port(s): 8080 (http) with context path ''
2020-04-07 11:43:26.790  INFO 636 --- [restartedMain] l.lemon.community.CommunityApplication   : Started CommunityApplication in 6.077 seconds (JVM running for 8.434)
2020-04-07 11:43:26.803  INFO 636 --- [scheduling-1] com.zaxxer.hikari.HikariDataSource       : HikariPool-1 - Starting...
2020-04-07 11:43:27.340  INFO 636 --- [scheduling-1] com.zaxxer.hikari.HikariDataSource       : HikariPool-1 - Start completed.
2020-04-07 11:43:27.457  INFO 636 --- [scheduling-1] l.lemon.community.schedule.HotTagTasks   : hotTagSchedule stop Tue Apr 07 11:43:27 CST 2020
2020-04-07 11:43:31.889  INFO 636 --- [http-nio-8080-exec-1] o.a.c.c.C.[Tomcat].[localhost].[/]       : Initializing Spring DispatcherServlet 'dispatcherServlet'
2020-04-07 11:43:31.889  INFO 636 --- [http-nio-8080-exec-1] o.s.web.servlet.DispatcherServlet        : Initializing Servlet 'dispatcherServlet'
2020-04-07 11:43:31.904  INFO 636 --- [http-nio-8080-exec-1] o.s.web.servlet.DispatcherServlet        : Completed initialization in 15 ms
2020-04-07 11:46:00.340  INFO 5340 --- [main] l.l.community.CommunityApplicationTests  : Starting CommunityApplicationTests on DESKTOP-K91THDS with PID 5340 (started by ¹ù¸¶Ò»ÄÐ in D:\IDEA project\commuity\community)
2020-04-07 11:46:00.346  INFO 5340 --- [main] l.l.community.CommunityApplicationTests  : No active profile set, falling back to default profiles: default
2020-04-07 11:46:03.905  INFO 5340 --- [main] o.s.s.concurrent.ThreadPoolTaskExecutor  : Initializing ExecutorService 'applicationTaskExecutor'
2020-04-07 11:46:04.069  INFO 5340 --- [main] o.s.b.a.w.s.WelcomePageHandlerMapping    : Adding welcome page template: index
2020-04-07 11:46:04.454  INFO 5340 --- [main] o.s.s.c.ThreadPoolTaskScheduler          : Initializing ExecutorService 'taskScheduler'
2020-04-07 11:46:04.546  INFO 5340 --- [scheduling-1] l.lemon.community.schedule.HotTagTasks   : hotTagSchedule start Tue Apr 07 11:46:04 CST 2020
2020-04-07 11:46:04.564  INFO 5340 --- [main] l.l.community.CommunityApplicationTests  : Started CommunityApplicationTests in 4.754 seconds (JVM running for 6.613)
2020-04-07 11:46:04.662  INFO 5340 --- [scheduling-1] com.zaxxer.hikari.HikariDataSource       : HikariPool-1 - Starting...
2020-04-07 11:46:05.282  INFO 5340 --- [SpringContextShutdownHook] o.s.s.c.ThreadPoolTaskScheduler          : Shutting down ExecutorService 'taskScheduler'
2020-04-07 11:46:05.283  INFO 5340 --- [SpringContextShutdownHook] o.s.s.concurrent.ThreadPoolTaskExecutor  : Shutting down ExecutorService 'applicationTaskExecutor'
2020-04-07 14:58:26.292  INFO 7892 --- [restartedMain] l.lemon.community.CommunityApplication   : Starting CommunityApplication on DESKTOP-K91THDS with PID 7892 (started by éƒ­ä»˜ä¸€ç”· in D:\IDEA project\commuity\community)
2020-04-07 14:58:26.308  INFO 7892 --- [restartedMain] l.lemon.community.CommunityApplication   : No active profile set, falling back to default profiles: default
2020-04-07 14:58:26.561  INFO 7892 --- [restartedMain] .e.DevToolsPropertyDefaultsPostProcessor : Devtools property defaults active! Set 'spring.devtools.add-properties' to 'false' to disable
2020-04-07 14:58:26.562  INFO 7892 --- [restartedMain] .e.DevToolsPropertyDefaultsPostProcessor : For additional web related logging consider setting the 'logging.level.web' property to 'DEBUG'
2020-04-07 14:58:29.486  INFO 7892 --- [restartedMain] o.s.b.w.embedded.tomcat.TomcatWebServer  : Tomcat initialized with port(s): 80 (http)
2020-04-07 14:58:29.542  INFO 7892 --- [restartedMain] o.apache.catalina.core.StandardService   : Starting service [Tomcat]
2020-04-07 14:58:29.543  INFO 7892 --- [restartedMain] org.apache.catalina.core.StandardEngine  : Starting Servlet engine: [Apache Tomcat/9.0.30]
2020-04-07 14:58:29.702  INFO 7892 --- [restartedMain] o.a.c.c.C.[Tomcat].[localhost].[/]       : Initializing Spring embedded WebApplicationContext
2020-04-07 14:58:29.708  INFO 7892 --- [restartedMain] o.s.web.context.ContextLoader            : Root WebApplicationContext: initialization completed in 3145 ms
2020-04-07 14:58:30.998  INFO 7892 --- [restartedMain] o.s.s.concurrent.ThreadPoolTaskExecutor  : Initializing ExecutorService 'applicationTaskExecutor'
2020-04-07 14:58:31.111  INFO 7892 --- [restartedMain] o.s.b.a.w.s.WelcomePageHandlerMapping    : Adding welcome page template: index
2020-04-07 14:58:31.434  INFO 7892 --- [restartedMain] o.s.s.c.ThreadPoolTaskScheduler          : Initializing ExecutorService 'taskScheduler'
2020-04-07 14:58:31.741  INFO 7892 --- [restartedMain] o.s.b.d.a.OptionalLiveReloadServer       : LiveReload server is running on port 35729
2020-04-07 14:58:31.777  INFO 7892 --- [scheduling-1] l.lemon.community.schedule.HotTagTasks   : hotTagSchedule start Tue Apr 07 14:58:31 CST 2020
2020-04-07 14:58:31.957  INFO 7892 --- [restartedMain] o.s.b.w.embedded.tomcat.TomcatWebServer  : Tomcat started on port(s): 80 (http) with context path ''
2020-04-07 14:58:31.973  INFO 7892 --- [restartedMain] l.lemon.community.CommunityApplication   : Started CommunityApplication in 7.075 seconds (JVM running for 10.835)
2020-04-07 14:58:32.001  INFO 7892 --- [scheduling-1] com.zaxxer.hikari.HikariDataSource       : HikariPool-1 - Starting...
2020-04-07 14:58:32.603  INFO 7892 --- [scheduling-1] com.zaxxer.hikari.HikariDataSource       : HikariPool-1 - Start completed.
2020-04-07 14:58:32.672  INFO 7892 --- [scheduling-1] l.lemon.community.schedule.HotTagTasks   : hotTagSchedule stop Tue Apr 07 14:58:32 CST 2020
